{"/Users/alexander/graphiql-app/src/components/AuthBlock/SignInController.tsx": {"path":"/Users/alexander/graphiql-app/src/components/AuthBlock/SignInController.tsx","statementMap":{},"fnMap":{},"branchMap":{},"s":{},"f":{},"b":{}}
,"/Users/alexander/graphiql-app/src/components/AuthBlock/SignUpController.tsx": {"path":"/Users/alexander/graphiql-app/src/components/AuthBlock/SignUpController.tsx","statementMap":{},"fnMap":{},"branchMap":{},"s":{},"f":{},"b":{}}
,"/Users/alexander/graphiql-app/src/components/AuthBlock/AuthButton/AuthButton.tsx": {"path":"/Users/alexander/graphiql-app/src/components/AuthBlock/AuthButton/AuthButton.tsx","statementMap":{},"fnMap":{},"branchMap":{},"s":{},"f":{},"b":{}}
,"/Users/alexander/graphiql-app/src/components/AuthBlock/AuthInput/AuthInput.tsx": {"path":"/Users/alexander/graphiql-app/src/components/AuthBlock/AuthInput/AuthInput.tsx","statementMap":{},"fnMap":{},"branchMap":{},"s":{},"f":{},"b":{}}
,"/Users/alexander/graphiql-app/src/components/BurgerButton/BurgerButton.tsx": {"path":"/Users/alexander/graphiql-app/src/components/BurgerButton/BurgerButton.tsx","statementMap":{},"fnMap":{},"branchMap":{},"s":{},"f":{},"b":{}}
,"/Users/alexander/graphiql-app/src/components/BurgerMenu/BurgerMenu.tsx": {"path":"/Users/alexander/graphiql-app/src/components/BurgerMenu/BurgerMenu.tsx","statementMap":{},"fnMap":{},"branchMap":{},"s":{},"f":{},"b":{}}
,"/Users/alexander/graphiql-app/src/components/Button/Button.tsx": {"path":"/Users/alexander/graphiql-app/src/components/Button/Button.tsx","statementMap":{},"fnMap":{},"branchMap":{},"s":{},"f":{},"b":{}}
,"/Users/alexander/graphiql-app/src/components/Editor/Editor.tsx": {"path":"/Users/alexander/graphiql-app/src/components/Editor/Editor.tsx","statementMap":{},"fnMap":{},"branchMap":{},"s":{},"f":{},"b":{}}
,"/Users/alexander/graphiql-app/src/components/ErrorBoundary/ErrorBoundary.tsx": {"path":"/Users/alexander/graphiql-app/src/components/ErrorBoundary/ErrorBoundary.tsx","statementMap":{},"fnMap":{},"branchMap":{},"s":{},"f":{},"b":{}}
,"/Users/alexander/graphiql-app/src/components/Footer/Footer.tsx": {"path":"/Users/alexander/graphiql-app/src/components/Footer/Footer.tsx","statementMap":{},"fnMap":{},"branchMap":{},"s":{},"f":{},"b":{}}
,"/Users/alexander/graphiql-app/src/components/Header/Header.tsx": {"path":"/Users/alexander/graphiql-app/src/components/Header/Header.tsx","statementMap":{},"fnMap":{},"branchMap":{},"s":{},"f":{},"b":{}}
,"/Users/alexander/graphiql-app/src/components/LangButton/LangButton.tsx": {"path":"/Users/alexander/graphiql-app/src/components/LangButton/LangButton.tsx","statementMap":{},"fnMap":{},"branchMap":{},"s":{},"f":{},"b":{}}
,"/Users/alexander/graphiql-app/src/components/LinkButton/LinkButton.tsx": {"path":"/Users/alexander/graphiql-app/src/components/LinkButton/LinkButton.tsx","statementMap":{},"fnMap":{},"branchMap":{},"s":{},"f":{},"b":{}}
,"/Users/alexander/graphiql-app/src/components/MainNav/MainNav.tsx": {"path":"/Users/alexander/graphiql-app/src/components/MainNav/MainNav.tsx","statementMap":{},"fnMap":{},"branchMap":{},"s":{},"f":{},"b":{}}
,"/Users/alexander/graphiql-app/src/components/NotFound/NotFound.tsx": {"path":"/Users/alexander/graphiql-app/src/components/NotFound/NotFound.tsx","statementMap":{},"fnMap":{},"branchMap":{},"s":{},"f":{},"b":{}}
,"/Users/alexander/graphiql-app/src/components/Tabs/Tabs.tsx": {"path":"/Users/alexander/graphiql-app/src/components/Tabs/Tabs.tsx","statementMap":{},"fnMap":{},"branchMap":{},"s":{},"f":{},"b":{}}
,"/Users/alexander/graphiql-app/src/components/Timer/Timer.tsx": {"path":"/Users/alexander/graphiql-app/src/components/Timer/Timer.tsx","statementMap":{},"fnMap":{},"branchMap":{},"s":{},"f":{},"b":{}}
,"/Users/alexander/graphiql-app/src/components/Welcome/Welcome.tsx": {"path":"/Users/alexander/graphiql-app/src/components/Welcome/Welcome.tsx","statementMap":{},"fnMap":{},"branchMap":{},"s":{},"f":{},"b":{}}
,"/Users/alexander/graphiql-app/src/constants/buttonsImages.tsx": {"path":"/Users/alexander/graphiql-app/src/constants/buttonsImages.tsx","statementMap":{},"fnMap":{},"branchMap":{},"s":{},"f":{},"b":{}}
,"/Users/alexander/graphiql-app/src/context/AuthProvider.tsx": {"path":"/Users/alexander/graphiql-app/src/context/AuthProvider.tsx","statementMap":{},"fnMap":{},"branchMap":{},"s":{},"f":{},"b":{}}
,"/Users/alexander/graphiql-app/src/pages/404.tsx": {"path":"/Users/alexander/graphiql-app/src/pages/404.tsx","statementMap":{},"fnMap":{},"branchMap":{},"s":{},"f":{},"b":{}}
,"/Users/alexander/graphiql-app/src/pages/_app.tsx": {"path":"/Users/alexander/graphiql-app/src/pages/_app.tsx","statementMap":{},"fnMap":{},"branchMap":{},"s":{},"f":{},"b":{}}
,"/Users/alexander/graphiql-app/src/pages/_document.tsx": {"path":"/Users/alexander/graphiql-app/src/pages/_document.tsx","statementMap":{},"fnMap":{},"branchMap":{},"s":{},"f":{},"b":{}}
,"/Users/alexander/graphiql-app/src/pages/index.tsx": {"path":"/Users/alexander/graphiql-app/src/pages/index.tsx","statementMap":{},"fnMap":{},"branchMap":{},"s":{},"f":{},"b":{}}
,"/Users/alexander/graphiql-app/src/pages/signin.tsx": {"path":"/Users/alexander/graphiql-app/src/pages/signin.tsx","statementMap":{},"fnMap":{},"branchMap":{},"s":{},"f":{},"b":{}}
,"/Users/alexander/graphiql-app/src/pages/signup.tsx": {"path":"/Users/alexander/graphiql-app/src/pages/signup.tsx","statementMap":{},"fnMap":{},"branchMap":{},"s":{},"f":{},"b":{}}
,"/Users/alexander/graphiql-app/src/pages/main/index.tsx": {"path":"/Users/alexander/graphiql-app/src/pages/main/index.tsx","statementMap":{},"fnMap":{},"branchMap":{},"s":{},"f":{},"b":{}}
,"/Users/alexander/graphiql-app/src/utils/editorText.tsx": {"path":"/Users/alexander/graphiql-app/src/utils/editorText.tsx","statementMap":{},"fnMap":{},"branchMap":{},"s":{},"f":{},"b":{}}
}
