{"/Users/alexander/graphiql-app/src/components/AuthBlock/SignInController.tsx": {"path":"/Users/alexander/graphiql-app/src/components/AuthBlock/SignInController.tsx","statementMap":{},"fnMap":{},"branchMap":{},"s":{},"f":{},"b":{}}
,"/Users/alexander/graphiql-app/src/components/AuthBlock/SignUpController.tsx": {"path":"/Users/alexander/graphiql-app/src/components/AuthBlock/SignUpController.tsx","statementMap":{},"fnMap":{},"branchMap":{},"s":{},"f":{},"b":{}}
,"/Users/alexander/graphiql-app/src/components/AuthBlock/AuthButton/AuthButton.tsx": {"path":"/Users/alexander/graphiql-app/src/components/AuthBlock/AuthButton/AuthButton.tsx","statementMap":{},"fnMap":{},"branchMap":{},"s":{},"f":{},"b":{}}
,"/Users/alexander/graphiql-app/src/components/AuthBlock/AuthInput/AuthInput.tsx": {"path":"/Users/alexander/graphiql-app/src/components/AuthBlock/AuthInput/AuthInput.tsx","statementMap":{},"fnMap":{},"branchMap":{},"s":{},"f":{},"b":{}}
,"/Users/alexander/graphiql-app/src/components/BurgerButton/BurgerButton.styled.ts": {"path":"/Users/alexander/graphiql-app/src/components/BurgerButton/BurgerButton.styled.ts","statementMap":{},"fnMap":{},"branchMap":{},"s":{},"f":{},"b":{}}
,"/Users/alexander/graphiql-app/src/components/BurgerButton/BurgerButton.tsx": {"path":"/Users/alexander/graphiql-app/src/components/BurgerButton/BurgerButton.tsx","statementMap":{},"fnMap":{},"branchMap":{},"s":{},"f":{},"b":{}}
,"/Users/alexander/graphiql-app/src/components/BurgerMenu/BurgerMenu.styled.ts": {"path":"/Users/alexander/graphiql-app/src/components/BurgerMenu/BurgerMenu.styled.ts","statementMap":{},"fnMap":{},"branchMap":{},"s":{},"f":{},"b":{}}
,"/Users/alexander/graphiql-app/src/components/BurgerMenu/BurgerMenu.tsx": {"path":"/Users/alexander/graphiql-app/src/components/BurgerMenu/BurgerMenu.tsx","statementMap":{},"fnMap":{},"branchMap":{},"s":{},"f":{},"b":{}}
,"/Users/alexander/graphiql-app/src/components/Button/Button.tsx": {"path":"/Users/alexander/graphiql-app/src/components/Button/Button.tsx","statementMap":{},"fnMap":{},"branchMap":{},"s":{},"f":{},"b":{}}
,"/Users/alexander/graphiql-app/src/components/Editor/Editor.tsx": {"path":"/Users/alexander/graphiql-app/src/components/Editor/Editor.tsx","statementMap":{},"fnMap":{},"branchMap":{},"s":{},"f":{},"b":{}}
,"/Users/alexander/graphiql-app/src/components/ErrorBoundary/ErrorBoundary.tsx": {"path":"/Users/alexander/graphiql-app/src/components/ErrorBoundary/ErrorBoundary.tsx","statementMap":{},"fnMap":{},"branchMap":{},"s":{},"f":{},"b":{}}
,"/Users/alexander/graphiql-app/src/components/Footer/Footer.tsx": {"path":"/Users/alexander/graphiql-app/src/components/Footer/Footer.tsx","statementMap":{},"fnMap":{},"branchMap":{},"s":{},"f":{},"b":{}}
,"/Users/alexander/graphiql-app/src/components/Header/Header.tsx": {"path":"/Users/alexander/graphiql-app/src/components/Header/Header.tsx","statementMap":{},"fnMap":{},"branchMap":{},"s":{},"f":{},"b":{}}
,"/Users/alexander/graphiql-app/src/components/LangButton/LangButton.tsx": {"path":"/Users/alexander/graphiql-app/src/components/LangButton/LangButton.tsx","statementMap":{},"fnMap":{},"branchMap":{},"s":{},"f":{},"b":{}}
,"/Users/alexander/graphiql-app/src/components/LinkButton/LinkButton.tsx": {"path":"/Users/alexander/graphiql-app/src/components/LinkButton/LinkButton.tsx","statementMap":{},"fnMap":{},"branchMap":{},"s":{},"f":{},"b":{}}
,"/Users/alexander/graphiql-app/src/components/MainNav/MainNav.tsx": {"path":"/Users/alexander/graphiql-app/src/components/MainNav/MainNav.tsx","statementMap":{},"fnMap":{},"branchMap":{},"s":{},"f":{},"b":{}}
,"/Users/alexander/graphiql-app/src/components/NotFound/NotFound.tsx": {"path":"/Users/alexander/graphiql-app/src/components/NotFound/NotFound.tsx","statementMap":{},"fnMap":{},"branchMap":{},"s":{},"f":{},"b":{}}
,"/Users/alexander/graphiql-app/src/components/Tabs/Tabs.tsx": {"path":"/Users/alexander/graphiql-app/src/components/Tabs/Tabs.tsx","statementMap":{},"fnMap":{},"branchMap":{},"s":{},"f":{},"b":{}}
,"/Users/alexander/graphiql-app/src/components/Timer/Timer.tsx": {"path":"/Users/alexander/graphiql-app/src/components/Timer/Timer.tsx","statementMap":{},"fnMap":{},"branchMap":{},"s":{},"f":{},"b":{}}
,"/Users/alexander/graphiql-app/src/components/Welcome/Welcome.tsx": {"path":"/Users/alexander/graphiql-app/src/components/Welcome/Welcome.tsx","statementMap":{},"fnMap":{},"branchMap":{},"s":{},"f":{},"b":{}}
,"/Users/alexander/graphiql-app/src/constants/DefaultRequest.ts": {"path":"/Users/alexander/graphiql-app/src/constants/DefaultRequest.ts","statementMap":{},"fnMap":{},"branchMap":{},"s":{},"f":{},"b":{}}
,"/Users/alexander/graphiql-app/src/constants/buttonsImages.tsx": {"path":"/Users/alexander/graphiql-app/src/constants/buttonsImages.tsx","statementMap":{},"fnMap":{},"branchMap":{},"s":{},"f":{},"b":{}}
,"/Users/alexander/graphiql-app/src/constants/routes.ts": {"path":"/Users/alexander/graphiql-app/src/constants/routes.ts","statementMap":{},"fnMap":{},"branchMap":{},"s":{},"f":{},"b":{}}
,"/Users/alexander/graphiql-app/src/constants/team.ts": {"path":"/Users/alexander/graphiql-app/src/constants/team.ts","statementMap":{},"fnMap":{},"branchMap":{},"s":{},"f":{},"b":{}}
,"/Users/alexander/graphiql-app/src/context/AuthProvider.tsx": {"path":"/Users/alexander/graphiql-app/src/context/AuthProvider.tsx","statementMap":{},"fnMap":{},"branchMap":{},"s":{},"f":{},"b":{}}
,"/Users/alexander/graphiql-app/src/context/langContext.ts": {"path":"/Users/alexander/graphiql-app/src/context/langContext.ts","statementMap":{},"fnMap":{},"branchMap":{},"s":{},"f":{},"b":{}}
,"/Users/alexander/graphiql-app/src/firebase/firebaseAdmin.ts": {"path":"/Users/alexander/graphiql-app/src/firebase/firebaseAdmin.ts","statementMap":{},"fnMap":{},"branchMap":{},"s":{},"f":{},"b":{}}
,"/Users/alexander/graphiql-app/src/firebase/firebaseClient.ts": {"path":"/Users/alexander/graphiql-app/src/firebase/firebaseClient.ts","statementMap":{},"fnMap":{},"branchMap":{},"s":{},"f":{},"b":{}}
,"/Users/alexander/graphiql-app/src/hooks/useOnClickOutside.ts": {"path":"/Users/alexander/graphiql-app/src/hooks/useOnClickOutside.ts","statementMap":{},"fnMap":{},"branchMap":{},"s":{},"f":{},"b":{}}
,"/Users/alexander/graphiql-app/src/locale/en.ts": {"path":"/Users/alexander/graphiql-app/src/locale/en.ts","statementMap":{},"fnMap":{},"branchMap":{},"s":{},"f":{},"b":{}}
,"/Users/alexander/graphiql-app/src/locale/ru.ts": {"path":"/Users/alexander/graphiql-app/src/locale/ru.ts","statementMap":{},"fnMap":{},"branchMap":{},"s":{},"f":{},"b":{}}
,"/Users/alexander/graphiql-app/src/locale/auth/enResource.ts": {"path":"/Users/alexander/graphiql-app/src/locale/auth/enResource.ts","statementMap":{},"fnMap":{},"branchMap":{},"s":{},"f":{},"b":{}}
,"/Users/alexander/graphiql-app/src/locale/auth/ruResource.ts": {"path":"/Users/alexander/graphiql-app/src/locale/auth/ruResource.ts","statementMap":{},"fnMap":{},"branchMap":{},"s":{},"f":{},"b":{}}
,"/Users/alexander/graphiql-app/src/locale/buttons/enResource.ts": {"path":"/Users/alexander/graphiql-app/src/locale/buttons/enResource.ts","statementMap":{},"fnMap":{},"branchMap":{},"s":{},"f":{},"b":{}}
,"/Users/alexander/graphiql-app/src/locale/buttons/ruResource.ts": {"path":"/Users/alexander/graphiql-app/src/locale/buttons/ruResource.ts","statementMap":{},"fnMap":{},"branchMap":{},"s":{},"f":{},"b":{}}
,"/Users/alexander/graphiql-app/src/locale/errors/enResource.ts": {"path":"/Users/alexander/graphiql-app/src/locale/errors/enResource.ts","statementMap":{},"fnMap":{},"branchMap":{},"s":{},"f":{},"b":{}}
,"/Users/alexander/graphiql-app/src/locale/errors/ruResource.ts": {"path":"/Users/alexander/graphiql-app/src/locale/errors/ruResource.ts","statementMap":{},"fnMap":{},"branchMap":{},"s":{},"f":{},"b":{}}
,"/Users/alexander/graphiql-app/src/locale/footer/enResource.ts": {"path":"/Users/alexander/graphiql-app/src/locale/footer/enResource.ts","statementMap":{},"fnMap":{},"branchMap":{},"s":{},"f":{},"b":{}}
,"/Users/alexander/graphiql-app/src/locale/footer/ruResource.ts": {"path":"/Users/alexander/graphiql-app/src/locale/footer/ruResource.ts","statementMap":{},"fnMap":{},"branchMap":{},"s":{},"f":{},"b":{}}
,"/Users/alexander/graphiql-app/src/locale/header/enResource.ts": {"path":"/Users/alexander/graphiql-app/src/locale/header/enResource.ts","statementMap":{},"fnMap":{},"branchMap":{},"s":{},"f":{},"b":{}}
,"/Users/alexander/graphiql-app/src/locale/header/ruResource.ts": {"path":"/Users/alexander/graphiql-app/src/locale/header/ruResource.ts","statementMap":{},"fnMap":{},"branchMap":{},"s":{},"f":{},"b":{}}
,"/Users/alexander/graphiql-app/src/locale/welcome/enResource.ts": {"path":"/Users/alexander/graphiql-app/src/locale/welcome/enResource.ts","statementMap":{},"fnMap":{},"branchMap":{},"s":{},"f":{},"b":{}}
,"/Users/alexander/graphiql-app/src/locale/welcome/ruResource.ts": {"path":"/Users/alexander/graphiql-app/src/locale/welcome/ruResource.ts","statementMap":{},"fnMap":{},"branchMap":{},"s":{},"f":{},"b":{}}
,"/Users/alexander/graphiql-app/src/pages/404.tsx": {"path":"/Users/alexander/graphiql-app/src/pages/404.tsx","statementMap":{},"fnMap":{},"branchMap":{},"s":{},"f":{},"b":{}}
,"/Users/alexander/graphiql-app/src/pages/_app.tsx": {"path":"/Users/alexander/graphiql-app/src/pages/_app.tsx","statementMap":{},"fnMap":{},"branchMap":{},"s":{},"f":{},"b":{}}
,"/Users/alexander/graphiql-app/src/pages/_document.tsx": {"path":"/Users/alexander/graphiql-app/src/pages/_document.tsx","statementMap":{},"fnMap":{},"branchMap":{},"s":{},"f":{},"b":{}}
,"/Users/alexander/graphiql-app/src/pages/index.tsx": {"path":"/Users/alexander/graphiql-app/src/pages/index.tsx","statementMap":{},"fnMap":{},"branchMap":{},"s":{},"f":{},"b":{}}
,"/Users/alexander/graphiql-app/src/pages/signin.tsx": {"path":"/Users/alexander/graphiql-app/src/pages/signin.tsx","statementMap":{},"fnMap":{},"branchMap":{},"s":{},"f":{},"b":{}}
,"/Users/alexander/graphiql-app/src/pages/signup.tsx": {"path":"/Users/alexander/graphiql-app/src/pages/signup.tsx","statementMap":{},"fnMap":{},"branchMap":{},"s":{},"f":{},"b":{}}
,"/Users/alexander/graphiql-app/src/pages/main/index.tsx": {"path":"/Users/alexander/graphiql-app/src/pages/main/index.tsx","statementMap":{},"fnMap":{},"branchMap":{},"s":{},"f":{},"b":{}}
,"/Users/alexander/graphiql-app/src/styles/codeMirrorTheme.ts": {"path":"/Users/alexander/graphiql-app/src/styles/codeMirrorTheme.ts","statementMap":{},"fnMap":{},"branchMap":{},"s":{},"f":{},"b":{}}
,"/Users/alexander/graphiql-app/src/styles/global.ts": {"path":"/Users/alexander/graphiql-app/src/styles/global.ts","statementMap":{},"fnMap":{},"branchMap":{},"s":{},"f":{},"b":{}}
,"/Users/alexander/graphiql-app/src/types/PropsButtonComponent.ts": {"path":"/Users/alexander/graphiql-app/src/types/PropsButtonComponent.ts","statementMap":{},"fnMap":{},"branchMap":{},"s":{},"f":{},"b":{}}
,"/Users/alexander/graphiql-app/src/types/types.ts": {"path":"/Users/alexander/graphiql-app/src/types/types.ts","statementMap":{},"fnMap":{},"branchMap":{},"s":{},"f":{},"b":{}}
,"/Users/alexander/graphiql-app/src/utils/checkQueryParams.ts": {"path":"/Users/alexander/graphiql-app/src/utils/checkQueryParams.ts","statementMap":{},"fnMap":{},"branchMap":{},"s":{},"f":{},"b":{}}
,"/Users/alexander/graphiql-app/src/utils/constants.ts": {"path":"/Users/alexander/graphiql-app/src/utils/constants.ts","statementMap":{},"fnMap":{},"branchMap":{},"s":{},"f":{},"b":{}}
,"/Users/alexander/graphiql-app/src/utils/editorText.tsx": {"path":"/Users/alexander/graphiql-app/src/utils/editorText.tsx","statementMap":{},"fnMap":{},"branchMap":{},"s":{},"f":{},"b":{}}
,"/Users/alexander/graphiql-app/src/utils/errorLocalization.ts": {"path":"/Users/alexander/graphiql-app/src/utils/errorLocalization.ts","statementMap":{},"fnMap":{},"branchMap":{},"s":{},"f":{},"b":{}}
,"/Users/alexander/graphiql-app/src/utils/getAuthError.ts": {"path":"/Users/alexander/graphiql-app/src/utils/getAuthError.ts","statementMap":{},"fnMap":{},"branchMap":{},"s":{},"f":{},"b":{}}
,"/Users/alexander/graphiql-app/src/utils/langChecker.ts": {"path":"/Users/alexander/graphiql-app/src/utils/langChecker.ts","statementMap":{},"fnMap":{},"branchMap":{},"s":{},"f":{},"b":{}}
,"/Users/alexander/graphiql-app/src/utils/langContextInit.ts": {"path":"/Users/alexander/graphiql-app/src/utils/langContextInit.ts","statementMap":{},"fnMap":{},"branchMap":{},"s":{},"f":{},"b":{}}
,"/Users/alexander/graphiql-app/src/utils/langLocalStorage.ts": {"path":"/Users/alexander/graphiql-app/src/utils/langLocalStorage.ts","statementMap":{},"fnMap":{},"branchMap":{},"s":{},"f":{},"b":{}}
,"/Users/alexander/graphiql-app/src/utils/msToTime.ts": {"path":"/Users/alexander/graphiql-app/src/utils/msToTime.ts","statementMap":{},"fnMap":{},"branchMap":{},"s":{},"f":{},"b":{}}
,"/Users/alexander/graphiql-app/src/utils/parseJWT.ts": {"path":"/Users/alexander/graphiql-app/src/utils/parseJWT.ts","statementMap":{},"fnMap":{},"branchMap":{},"s":{},"f":{},"b":{}}
,"/Users/alexander/graphiql-app/src/utils/prettify.ts": {"path":"/Users/alexander/graphiql-app/src/utils/prettify.ts","statementMap":{},"fnMap":{},"branchMap":{},"s":{},"f":{},"b":{}}
,"/Users/alexander/graphiql-app/src/utils/useGetWindowsDimensions.ts": {"path":"/Users/alexander/graphiql-app/src/utils/useGetWindowsDimensions.ts","statementMap":{},"fnMap":{},"branchMap":{},"s":{},"f":{},"b":{}}
,"/Users/alexander/graphiql-app/src/validation/validationSchema.ts": {"path":"/Users/alexander/graphiql-app/src/validation/validationSchema.ts","statementMap":{},"fnMap":{},"branchMap":{},"s":{},"f":{},"b":{}}
}
